[0m[[0m[0mdebug[0m] [0m[0m> Exec(__runWatch console0, Some(a0755a74-ad70-4f2b-ad08-d852af16dd37), Some(CommandSource(console0)))[0m
[0m[[0m[0mdebug[0m] [0m[0m> Exec(sbtStashOnFailure, None, Some(CommandSource(console0)))[0m
[0m[[0m[0mdebug[0m] [0m[0m> Exec(__preWatch console0, None, Some(CommandSource(console0)))[0m
[0m[[0m[0mdebug[0m] [0m[0m> Exec(compile, None, Some(CommandSource(console0)))[0m
[0m[[0m[0mdebug[0m] [0m[0mEvaluating tasks: Compile / compile[0m
[0m[[0m[0mdebug[0m] [0m[0mRunning task... Cancel: bloop.integrations.sbt.Offloader$$anon$1@196d7c9e, check cycles: false, forcegc: true[0m
[0m[[0m[0minfo[0m] [0m[0mcompiling 1 Scala source to C:\Users\Jason.Bullock\Documents\Git\advent-of-code\target\scala-3.0.1\classes ...[0m
[0m[[0m[31merror[0m] [0m[0m[31m-- [E007] Type Mismatch Error: C:\Users\Jason.Bullock\Documents\Git\advent-of-code\src\main\scala\AOC2020\AOC7.scala:40:60 [0m[0m
[0m[[0m[31merror[0m] [0m[0m[31m40 |[0m    [33mval[0m [36mnewGoodBagsFiltered[0m = newGoodBags.filter(_.nonEmpty)[0m
[0m[[0m[31merror[0m] [0m[0m   |                                                            [31m^[0m[0m
[0m[[0m[31merror[0m] [0m[0m   |                                                  Found:    Unit[0m
[0m[[0m[31merror[0m] [0m[0m   |                                                  Required: List[String][0m
[0m[[0m[31merror[0m] [0m[0mone error found[0m
[0m[[0m[31merror[0m] [0m[0mone error found[0m
[0m[[0m[31merror[0m] [0m[0m(Compile / [31mcompileIncremental[0m) Compilation failed[0m
[0m[[0m[31merror[0m] [0m[0mTotal time: 0 s, completed 25-Nov-2021 17:46:33[0m
[0m[[0m[0mdebug[0m] [0m[0m> Exec(resumeFromFailure, None, Some(CommandSource(console0)))[0m
[0m[[0m[0mdebug[0m] [0m[0m> Exec(sbtPopOnFailure, None, Some(CommandSource(console0)))[0m
[0m[[0m[0mdebug[0m] [0m[0m> Exec(__postWatch console0, None, Some(CommandSource(console0)))[0m
[0m[[0m[0mdebug[0m] [0m[0m> Exec(resumeFromFailure, None, None)[0m
[0m[[0m[0mdebug[0m] [0m[0m> Exec(__waitWatch console0, None, None)[0m
