[0m[[0m[0mdebug[0m] [0m[0m> Exec(~runMain runScript, Some(94f2ebd7-127d-401a-b22e-426dea74b265), Some(CommandSource(console0)))[0m
[0m[[0m[0mdebug[0m] [0m[0m> Exec(__runWatch console0, None, Some(CommandSource(console0)))[0m
[0m[[0m[0mdebug[0m] [0m[0m> Exec(sbtStashOnFailure, None, Some(CommandSource(console0)))[0m
[0m[[0m[0mdebug[0m] [0m[0m> Exec(__preWatch console0, None, Some(CommandSource(console0)))[0m
[0m[[0m[0mdebug[0m] [0m[0m> Exec(runMain runScript, None, Some(CommandSource(console0)))[0m
[0m[[0m[0mdebug[0m] [0m[0mEvaluating tasks: Compile / runMain[0m
[0m[[0m[0mdebug[0m] [0m[0mRunning task... Cancel: bloop.integrations.sbt.Offloader$$anon$1@87220f1, check cycles: false, forcegc: true[0m
[0m[[0m[0minfo[0m] [0m[0mcompiling 1 Scala source to C:\Users\Jason.Bullock\Documents\Git\advent-of-code\target\scala-3.0.1\classes ...[0m
[0m[[0m[31merror[0m] [0m[0m[31m-- [E008] Not Found Error: C:\Users\Jason.Bullock\Documents\Git\advent-of-code\src\main\scala\AOC2020\AOC7.scala:32:40 [0m[0m
[0m[[0m[31merror[0m] [0m[0m[31m32 |[0m  [33mval[0m [36mnextLevelBagMap[0m = bagMap.filter(_.nonEmpty).filter(([36mt[0m) => !nextLevelBagList.contains(t._1)).toMap[0m
[0m[[0m[31merror[0m] [0m[0m   |                                      [31m^^^^^^^^^^[0m[0m
[0m[[0m[31merror[0m] [0m[0m   |                value nonEmpty is not a member of (String, List[String])[0m
[0m[[0m[31merror[0m] [0m[0mone error found[0m
[0m[[0m[31merror[0m] [0m[0mone error found[0m
[0m[[0m[31merror[0m] [0m[0m(Compile / [31mcompileIncremental[0m) Compilation failed[0m
[0m[[0m[31merror[0m] [0m[0mTotal time: 5 s, completed 02-Dec-2021 15:23:15[0m
[0m[[0m[0mdebug[0m] [0m[0m> Exec(resumeFromFailure, None, Some(CommandSource(console0)))[0m
[0m[[0m[0mdebug[0m] [0m[0m> Exec(sbtPopOnFailure, None, Some(CommandSource(console0)))[0m
[0m[[0m[0mdebug[0m] [0m[0m> Exec(__postWatch console0, None, Some(CommandSource(console0)))[0m
[0m[[0m[0mdebug[0m] [0m[0m> Exec(__waitWatch console0, None, Some(CommandSource(console0)))[0m
