[0m[[0m[0mdebug[0m] [0m[0m> Exec(__runWatch console0, Some(3a4cac28-defd-4c7c-ae9d-8f7b10351bfa), Some(CommandSource(console0)))[0m
[0m[[0m[0mdebug[0m] [0m[0m> Exec(sbtStashOnFailure, None, Some(CommandSource(console0)))[0m
[0m[[0m[0mdebug[0m] [0m[0m> Exec(__preWatch console0, None, Some(CommandSource(console0)))[0m
[0m[[0m[0mdebug[0m] [0m[0m> Exec(runMain com.jbullock.aoc2021.day8.runDay8, None, Some(CommandSource(console0)))[0m
[0m[[0m[0mdebug[0m] [0m[0mEvaluating tasks: Compile / runMain[0m
[0m[[0m[0mdebug[0m] [0m[0mRunning task... Cancel: bloop.integrations.sbt.Offloader$$anon$1@1c62d2ad, check cycles: false, forcegc: true[0m
[0m[[0m[0minfo[0m] [0m[0mcompiling 1 Scala source to /home/jason/git/AdventOfCode/target/scala-3.0.1/classes ...[0m
[0m[[0m[31merror[0m] [0m[0m[31m-- [E008] Not Found Error: /home/jason/git/AdventOfCode/src/main/scala/com/jbullock/aoc2021/day8/Day8.scala:67:35 [0m[0m
[0m[[0m[31merror[0m] [0m[0m[31m67 |[0m    [33mval[0m [36mcodeSets[0m = input.flatMap(_._1.map(_.toSet))[0m
[0m[[0m[31merror[0m] [0m[0m   |                                 [31m^^^^[0m[0m
[0m[[0m[31merror[0m] [0m[0m   |                          value _1 is not a member of List[List[String]][0m
[0m[[0m[31merror[0m] [0m[0m[31m-- [E008] Not Found Error: /home/jason/git/AdventOfCode/src/main/scala/com/jbullock/aoc2021/day8/Day8.scala:68:38 [0m[0m
[0m[[0m[31merror[0m] [0m[0m[31m68 |[0m    [33mval[0m [36mdisplaySets[0m = input.flatMap(_._2.map(_.toSet))[0m
[0m[[0m[31merror[0m] [0m[0m   |                                    [31m^^^^[0m[0m
[0m[[0m[31merror[0m] [0m[0m   |                          value _2 is not a member of List[List[String]][0m
[0m[[0m[31merror[0m] [0m[0m[31m-- [E006] Not Found Error: /home/jason/git/AdventOfCode/src/main/scala/com/jbullock/aoc2021/day8/Day8.scala:70:47 [0m[0m
[0m[[0m[31merror[0m] [0m[0m[31m70 |[0m    [33mval[0m [36mdecodedDisplays[0m = displaySets.map([36mx[0m => decoder.get(x)).map{[0m
[0m[[0m[31merror[0m] [0m[0m   |                                               [31m^^^^^^^[0m[0m
[0m[[0m[31merror[0m] [0m[0m   |                                               Not found: decoder[0m
[0m[[0m[31merror[0m] [0m[0mthree errors found[0m
[0m[[0m[31merror[0m] [0m[0mthree errors found[0m
[0m[[0m[31merror[0m] [0m[0m(Compile / [31mcompileIncremental[0m) Compilation failed[0m
[0m[[0m[31merror[0m] [0m[0mTotal time: 0 s, completed Jan 6, 2022, 5:27:04 PM[0m
[0m[[0m[0mdebug[0m] [0m[0m> Exec(resumeFromFailure, None, Some(CommandSource(console0)))[0m
[0m[[0m[0mdebug[0m] [0m[0m> Exec(sbtPopOnFailure, None, Some(CommandSource(console0)))[0m
[0m[[0m[0mdebug[0m] [0m[0m> Exec(__postWatch console0, None, Some(CommandSource(console0)))[0m
[0m[[0m[0mdebug[0m] [0m[0m> Exec(resumeFromFailure, None, None)[0m
[0m[[0m[0mdebug[0m] [0m[0m> Exec(__waitWatch console0, None, None)[0m
