[0m[[0m[0mdebug[0m] [0m[0m> Exec(~compile, Some(c8033b27-fd6c-42ce-a46b-7c57906d2f9a), Some(CommandSource(console0)))[0m
[0m[[0m[0mdebug[0m] [0m[0m> Exec(__runWatch console0, None, Some(CommandSource(console0)))[0m
[0m[[0m[0mdebug[0m] [0m[0m> Exec(sbtStashOnFailure, None, Some(CommandSource(console0)))[0m
[0m[[0m[0mdebug[0m] [0m[0m> Exec(__preWatch console0, None, Some(CommandSource(console0)))[0m
[0m[[0m[0mdebug[0m] [0m[0m> Exec(compile, None, Some(CommandSource(console0)))[0m
[0m[[0m[0mdebug[0m] [0m[0mEvaluating tasks: Compile / compile[0m
[0m[[0m[0mdebug[0m] [0m[0mRunning task... Cancel: bloop.integrations.sbt.Offloader$$anon$1@16e4db59, check cycles: false, forcegc: true[0m
[0m[[0m[0minfo[0m] [0m[0mcompiling 1 Scala source to /home/jason/git/AdventOfCode/target/scala-3.0.1/classes ...[0m
[0m[[0m[31merror[0m] [0m[0m[31m-- [E040] Syntax Error: /home/jason/git/AdventOfCode/src/main/scala/com/jbullock/aoc2021/day8/Day8.scala:90:22 [0m[0m
[0m[[0m[31merror[0m] [0m[0m[31m90 |[0m    SignalDecoder(map))[0m
[0m[[0m[31merror[0m] [0m[0m   |                      [31m^[0m[0m
[0m[[0m[31merror[0m] [0m[0m   |                      '}' expected, but ')' found[0m
[0m[[0m[31merror[0m] [0m[0m[31m-- [E006] Not Found Error: /home/jason/git/AdventOfCode/src/main/scala/com/jbullock/aoc2021/day8/Day8.scala:64:20 [0m[0m
[0m[[0m[31merror[0m] [0m[0m[31m64 |[0m      [33mval[0m [36mencoder[0m = Encoder(line([31m0[0m).map([36msignal[0m => Signal(signal.toSet)))[0m
[0m[[0m[31merror[0m] [0m[0m   |                    [31m^^^^^^^[0m[0m
[0m[[0m[31merror[0m] [0m[0m   |                    Not found: Encoder[0m
[0m[[0m[31merror[0m] [0m[0m[31m-- [E006] Not Found Error: /home/jason/git/AdventOfCode/src/main/scala/com/jbullock/aoc2021/day8/Day8.scala:64:50 [0m[0m
[0m[[0m[31merror[0m] [0m[0m[31m64 |[0m      [33mval[0m [36mencoder[0m = Encoder(line([31m0[0m).map([36msignal[0m => Signal(signal.toSet)))[0m
[0m[[0m[31merror[0m] [0m[0m   |                                                  [31m^^^^^^[0m[0m
[0m[[0m[31merror[0m] [0m[0m   |                                                  Not found: Signal[0m
[0m[[0m[31merror[0m] [0m[0m[31m-- [E006] Not Found Error: /home/jason/git/AdventOfCode/src/main/scala/com/jbullock/aoc2021/day8/Day8.scala:65:50 [0m[0m
[0m[[0m[31merror[0m] [0m[0m[31m65 |[0m      [33mval[0m [36mdisplay[0m = Display(line([31m1[0m).map([36msignal[0m => Signal(signal.toSet)))[0m
[0m[[0m[31merror[0m] [0m[0m   |                                                  [31m^^^^^^[0m[0m
[0m[[0m[31merror[0m] [0m[0m   |                                                  Not found: Signal[0m
[0m[[0m[31merror[0m] [0m[0m[31m-- [E006] Not Found Error: /home/jason/git/AdventOfCode/src/main/scala/com/jbullock/aoc2021/day8/Day8.scala:67:7 [0m[0m
[0m[[0m[31merror[0m] [0m[0m[31m67 |[0m      (scrambledEncoder, signalDisplay) [0m
[0m[[0m[31merror[0m] [0m[0m   |       [31m^^^^^^^^^^^^^^^^[0m[0m
[0m[[0m[31merror[0m] [0m[0m   |       Not found: scrambledEncoder[0m
[0m[[0m[31merror[0m] [0m[0m[31m-- [E006] Not Found Error: /home/jason/git/AdventOfCode/src/main/scala/com/jbullock/aoc2021/day8/Day8.scala:67:25 [0m[0m
[0m[[0m[31merror[0m] [0m[0m[31m67 |[0m      (scrambledEncoder, signalDisplay) [0m
[0m[[0m[31merror[0m] [0m[0m   |                         [31m^^^^^^^^^^^^^[0m[0m
[0m[[0m[31merror[0m] [0m[0m   |                         Not found: signalDisplay[0m
[0m[[0m[31merror[0m] [0m[0m[31m-- [E045] Cyclic Error: /home/jason/git/AdventOfCode/src/main/scala/com/jbullock/aoc2021/day8/Day8.scala:81:34 [0m[0m
[0m[[0m[31merror[0m] [0m[0m[31m81 |[0m      [33mval[0m [36mencoder[0m = deriveDecoder(encoder)[0m
[0m[[0m[31merror[0m] [0m[0m   |                                  [31m^[0m[0m
[0m[[0m[31merror[0m] [0m[0m   |                                  Recursive [33mvalue[0m [35mencoder[0m needs type[0m
[0m[[0m[31merror[0m] [0m[0m[31m-- [E007] Type Mismatch Error: /home/jason/git/AdventOfCode/src/main/scala/com/jbullock/aoc2021/day8/Day8.scala:81:42 [0m[0m
[0m[[0m[31merror[0m] [0m[0m[31m81 |[0m      [33mval[0m [36mencoder[0m = deriveDecoder(encoder)[0m
[0m[[0m[31merror[0m] [0m[0m   |                                          [31m^[0m[0m
[0m[[0m[31merror[0m] [0m[0m   |                                          Found:    Unit[0m
[0m[[0m[31merror[0m] [0m[0m   |                                          Required: IterableOnce[Any][0m
[0m[[0m[31merror[0m] [0m[0m[31m-- [E006] Not Found Error: /home/jason/git/AdventOfCode/src/main/scala/com/jbullock/aoc2021/day8/Day8.scala:90:4 [0m[0m
[0m[[0m[31merror[0m] [0m[0m[31m90 |[0m    SignalDecoder(map))[0m
[0m[[0m[31merror[0m] [0m[0m   |    [31m^^^^^^^^^^^^^[0m[0m
[0m[[0m[31merror[0m] [0m[0m   |    Not found: SignalDecoder[0m
[0m[[0m[31merror[0m] [0m[0m9 errors found[0m
[0m[[0m[31merror[0m] [0m[0m9 errors found[0m
[0m[[0m[31merror[0m] [0m[0m(Compile / [31mcompileIncremental[0m) Compilation failed[0m
[0m[[0m[31merror[0m] [0m[0mTotal time: 0 s, completed Jan 6, 2022, 4:49:24 PM[0m
[0m[[0m[0mdebug[0m] [0m[0m> Exec(resumeFromFailure, None, Some(CommandSource(console0)))[0m
[0m[[0m[0mdebug[0m] [0m[0m> Exec(sbtPopOnFailure, None, Some(CommandSource(console0)))[0m
[0m[[0m[0mdebug[0m] [0m[0m> Exec(__postWatch console0, None, Some(CommandSource(console0)))[0m
[0m[[0m[0mdebug[0m] [0m[0m> Exec(__waitWatch console0, None, Some(CommandSource(console0)))[0m
